<?xml version="1.0" encoding="UTF-8"?>
<!-- Generated by org.testng.reporters.JUnitReportReporter -->
<testsuite hostname="SoumyaRaj" failures="0" tests="1" name="Authorization.DigestAuth" time="6.602" errors="0" timestamp="2023-11-25T10:26:22 IST" skipped="0">
  <testcase classname="Authorization.DigestAuth" name="Digest" time="6.602"/>
</testsuite> <!-- Authorization.DigestAuth -->
