<?xml version="1.0" encoding="UTF-8"?>
<!-- Generated by org.testng.reporters.JUnitReportReporter -->
<testsuite hostname="SoumyaRaj" failures="0" tests="1" name="PetSwagger.PetCRUDOperation" time="5.085" errors="0" timestamp="2024-01-07T14:05:50 IST" skipped="0">
  <testcase classname="PetSwagger.PetCRUDOperation" name="CreatePet" time="5.085"/>
</testsuite> <!-- PetSwagger.PetCRUDOperation -->
