<?xml version="1.0" encoding="UTF-8"?>
<!-- Generated by org.testng.reporters.JUnitReportReporter -->
<testsuite hostname="SoumyaRaj" failures="0" tests="4" name="projects.CRUDOP" time="195.434" errors="0" timestamp="2023-11-05T20:14:49 IST" skipped="1">
  <testcase classname="projects.CRUDOP" name="getUser" time="66.749"/>
  <testcase classname="projects.CRUDOP" name="createUser" time="64.318"/>
  <testcase classname="projects.CRUDOP" name="UpdateUser" time="64.367"/>
  <testcase classname="projects.CRUDOP" name="DeleteUser">
    <skipped/>
  </testcase> <!-- DeleteUser -->
</testsuite> <!-- projects.CRUDOP -->
