<?xml version="1.0" encoding="UTF-8"?>
<!-- Generated by org.testng.reporters.JUnitReportReporter -->
<testsuite hostname="SoumyaRaj" failures="0" tests="1" name="Authorization.BasicAuth" time="6.899" errors="0" timestamp="2023-11-25T10:24:06 IST" skipped="0">
  <testcase classname="Authorization.BasicAuth" name="Basic" time="6.899"/>
</testsuite> <!-- Authorization.BasicAuth -->
