<?xml version="1.0" encoding="UTF-8"?>
<!-- Generated by org.testng.reporters.JUnitReportReporter -->
<testsuite hostname="SoumyaRaj" failures="0" tests="1" name="CreateUserpj.getcoursesusingpojo" time="4.712" errors="0" timestamp="2023-12-07T00:12:07 IST" skipped="0">
  <testcase classname="CreateUserpj.getcoursesusingpojo" name="getcourses" time="4.712"/>
</testsuite> <!-- CreateUserpj.getcoursesusingpojo -->
