<?xml version="1.0" encoding="UTF-8"?>
<!-- Generated by org.testng.reporters.JUnitReportReporter -->
<testsuite hostname="SoumyaRaj" failures="0" tests="4" name="SoapCal.Calculator" time="7.350" errors="0" timestamp="2023-12-06T16:43:14 IST" skipped="0">
  <testcase classname="SoapCal.Calculator" name="Add" time="3.961"/>
  <testcase classname="SoapCal.Calculator" name="Subtract" time="1.532"/>
  <testcase classname="SoapCal.Calculator" name="Multiply" time="0.936"/>
  <testcase classname="SoapCal.Calculator" name="Divide" time="0.921"/>
</testsuite> <!-- SoapCal.Calculator -->
