<?xml version="1.0" encoding="UTF-8"?>
<!-- Generated by org.testng.reporters.JUnitReportReporter -->
<testsuite hostname="SoumyaRaj" failures="0" tests="1" name="SoapCal.Add" time="2.616" errors="0" timestamp="2023-12-06T16:37:06 IST" skipped="0">
  <testcase classname="SoapCal.Add" name="Number" time="2.616"/>
</testsuite> <!-- SoapCal.Add -->
