<?xml version="1.0" encoding="UTF-8"?>
<!-- Generated by org.testng.reporters.JUnitReportReporter -->
<testsuite hostname="SoumyaRaj" failures="0" tests="4" name="ReqresAPI.CRUDOP" time="8.897" errors="0" timestamp="2023-11-27T12:38:42 IST" skipped="1">
  <testcase classname="ReqresAPI.CRUDOP" name="getUser" time="5.111"/>
  <testcase classname="ReqresAPI.CRUDOP" name="createUser" time="2.174"/>
  <testcase classname="ReqresAPI.CRUDOP" name="UpdateUser" time="1.612"/>
  <testcase classname="ReqresAPI.CRUDOP" name="DeleteUser">
    <skipped/>
  </testcase> <!-- DeleteUser -->
</testsuite> <!-- ReqresAPI.CRUDOP -->
